<?xml version="1.0" encoding="UTF-8"?>
<testsuite xmlns:xsi="http://www.w3.org/2001/XMLSchema-instance" xsi:noNamespaceSchemaLocation="https://maven.apache.org/surefire/maven-surefire-plugin/xsd/surefire-test-report.xsd" name="com.parkit.parkingsystem.integration.DAO.TicketDAOTest" time="0.745" tests="2" errors="0" skipped="0" failures="0">
  <properties>
[...]
</properties>
  <testcase name="saveTicketTest" classname="com.parkit.parkingsystem.integration.DAO.TicketDAOTest" time="0.148"/>
  <testcase name="updateTicketTest" classname="com.parkit.parkingsystem.integration.DAO.TicketDAOTest" time="0.593"/>
</testsuite>